[1112/190320.275:ERROR:backend_impl.cc(1041)] Critical error found -8
[1112/190320.275:ERROR:entry_impl.cc(1075)] No file for c1030000
[1112/190320.275:WARNING:storage_block-inl.h(146)] Failed data load.
[1112/190320.275:WARNING:storage_block-inl.h(146)] Failed data load.
[1112/190320.275:WARNING:storage_block-inl.h(146)] Failed data load.
[1112/190320.275:WARNING:storage_block-inl.h(146)] Failed data load.
[1112/190320.275:ERROR:entry_impl.cc(1075)] No file for c1030002
[1112/190320.275:WARNING:storage_block-inl.h(146)] Failed data load.
[1112/190320.275:WARNING:storage_block-inl.h(146)] Failed data load.
[1112/190320.275:WARNING:storage_block-inl.h(146)] Failed data load.
[1112/190320.275:WARNING:storage_block-inl.h(146)] Failed data load.
[1112/190320.275:ERROR:entry_impl.cc(1075)] No file for c1030004
[1112/190320.275:WARNING:storage_block-inl.h(146)] Failed data load.
[1112/190320.275:WARNING:storage_block-inl.h(146)] Failed data load.
[1112/190320.275:WARNING:storage_block-inl.h(146)] Failed data load.
[1112/190320.275:WARNING:storage_block-inl.h(146)] Failed data load.
[1112/190320.275:ERROR:entry_impl.cc(1075)] No file for c1030006
[1112/190320.275:WARNING:storage_block-inl.h(146)] Failed data load.
[1112/190320.275:WARNING:storage_block-inl.h(146)] Failed data load.
[1112/190320.275:WARNING:storage_block-inl.h(146)] Failed data load.
[1112/190320.275:WARNING:storage_block-inl.h(146)] Failed data load.
[1112/190320.276:ERROR:entry_impl.cc(1075)] No file for c1030008
[1112/190320.276:WARNING:storage_block-inl.h(146)] Failed data load.
[1112/190320.276:WARNING:storage_block-inl.h(146)] Failed data load.
[1112/190320.276:WARNING:storage_block-inl.h(146)] Failed data load.
[1112/190320.276:WARNING:storage_block-inl.h(146)] Failed data load.
[1112/190320.276:WARNING:storage_block-inl.h(146)] Failed data load.
[1112/190323.730:WARNING:value_store_frontend.cc(45)] Reading mhjfbmdgcfjbbpaeojofohoefgiehjai.alarms from  failed: IO error: .../MANIFEST-000001: Unable to create sequential file (ChromeMethodBFE: 7::NewSequentialFile::1)
[1112/190520.027:ERROR:gpu_init.cc(426)] Passthrough is not supported, GL is disabled
